GET -- /api/blog/list -- Mozilla/5.0 (Macintosh; Intel Mac OS X 10_15_3) AppleWebKit/537.36 (KHTML, like Gecko) Chrome/80.0.3987.149 Safari/537.36 -- Sun Mar 22 2020 22:00:24 GMT+0800 (中国标准时间)
GET -- /api/blog/list -- Mozilla/5.0 (Macintosh; Intel Mac OS X 10_15_3) AppleWebKit/537.36 (KHTML, like Gecko) Chrome/80.0.3987.149 Safari/537.36 -- Sun Mar 22 2020 22:00:24 GMT+0800 (中国标准时间)
GET -- /api/blog/list -- Mozilla/5.0 (Macintosh; Intel Mac OS X 10_15_3) AppleWebKit/537.36 (KHTML, like Gecko) Chrome/80.0.3987.149 Safari/537.36 -- Sun Mar 22 2020 22:00:24 GMT+0800 (中国标准时间)
GET -- /api/blog/list -- Mozilla/5.0 (Macintosh; Intel Mac OS X 10_15_3) AppleWebKit/537.36 (KHTML, like Gecko) Chrome/80.0.3987.149 Safari/537.36 -- Sun Mar 22 2020 22:00:25 GMT+0800 (中国标准时间)
GET -- /api/blog/list -- Mozilla/5.0 (Macintosh; Intel Mac OS X 10_15_3) AppleWebKit/537.36 (KHTML, like Gecko) Chrome/80.0.3987.149 Safari/537.36 -- Sun Mar 22 2020 22:00:26 GMT+0800 (中国标准时间)
GET -- /api/blog/list -- Mozilla/5.0 (Macintosh; Intel Mac OS X 10_15_3) AppleWebKit/537.36 (KHTML, like Gecko) Chrome/80.0.3987.149 Safari/537.36 -- Sun Mar 22 2020 22:00:26 GMT+0800 (中国标准时间)
GET -- /api/blog/list -- Mozilla/5.0 (Macintosh; Intel Mac OS X 10_15_3) AppleWebKit/537.36 (KHTML, like Gecko) Chrome/80.0.3987.149 Safari/537.36 -- Sun Mar 22 2020 22:00:26 GMT+0800 (中国标准时间)
GET -- /api/blog/list -- Mozilla/5.0 (Macintosh; Intel Mac OS X 10_15_3) AppleWebKit/537.36 (KHTML, like Gecko) Chrome/80.0.3987.149 Safari/537.36 -- Sun Mar 22 2020 22:00:26 GMT+0800 (中国标准时间)
GET -- /api/blog/list -- Mozilla/5.0 (Macintosh; Intel Mac OS X 10_15_3) AppleWebKit/537.36 (KHTML, like Gecko) Chrome/80.0.3987.149 Safari/537.36 -- Mon Mar 23 2020 19:51:34 GMT+0800 (中国标准时间)
GET -- /api/blog/detail?id=1 -- Mozilla/5.0 (Macintosh; Intel Mac OS X 10_15_3) AppleWebKit/537.36 (KHTML, like Gecko) Chrome/80.0.3987.149 Safari/537.36 -- Mon Mar 23 2020 19:51:39 GMT+0800 (中国标准时间)
GET -- /api/blog/list -- Mozilla/5.0 (Macintosh; Intel Mac OS X 10_15_3) AppleWebKit/537.36 (KHTML, like Gecko) Chrome/80.0.3987.149 Safari/537.36 -- Mon Mar 23 2020 19:51:48 GMT+0800 (中国标准时间)
GET -- /api/blog/detail?id=2 -- Mozilla/5.0 (Macintosh; Intel Mac OS X 10_15_3) AppleWebKit/537.36 (KHTML, like Gecko) Chrome/80.0.3987.149 Safari/537.36 -- Mon Mar 23 2020 19:51:51 GMT+0800 (中国标准时间)
GET -- /api/blog/list -- Mozilla/5.0 (Macintosh; Intel Mac OS X 10_15_3) AppleWebKit/537.36 (KHTML, like Gecko) Chrome/80.0.3987.149 Safari/537.36 -- Mon Mar 23 2020 19:51:56 GMT+0800 (中国标准时间)
POST -- /api/user/login -- Mozilla/5.0 (Macintosh; Intel Mac OS X 10_15_3) AppleWebKit/537.36 (KHTML, like Gecko) Chrome/80.0.3987.149 Safari/537.36 -- Mon Mar 23 2020 19:53:12 GMT+0800 (中国标准时间)
GET -- /api/blog/list?isadmin=1 -- Mozilla/5.0 (Macintosh; Intel Mac OS X 10_15_3) AppleWebKit/537.36 (KHTML, like Gecko) Chrome/80.0.3987.149 Safari/537.36 -- Mon Mar 23 2020 19:53:12 GMT+0800 (中国标准时间)
POST -- /api/user/login -- Mozilla/5.0 (Macintosh; Intel Mac OS X 10_15_3) AppleWebKit/537.36 (KHTML, like Gecko) Chrome/80.0.3987.149 Safari/537.36 -- Mon Mar 23 2020 19:54:14 GMT+0800 (中国标准时间)
POST -- /api/user/login -- Mozilla/5.0 (Macintosh; Intel Mac OS X 10_15_3) AppleWebKit/537.36 (KHTML, like Gecko) Chrome/80.0.3987.149 Safari/537.36 -- Mon Mar 23 2020 19:57:22 GMT+0800 (中国标准时间)
POST -- /api/user/login -- Mozilla/5.0 (Macintosh; Intel Mac OS X 10_15_3) AppleWebKit/537.36 (KHTML, like Gecko) Chrome/80.0.3987.149 Safari/537.36 -- Mon Mar 23 2020 19:57:41 GMT+0800 (中国标准时间)
POST -- /api/user/login -- Mozilla/5.0 (Macintosh; Intel Mac OS X 10_15_3) AppleWebKit/537.36 (KHTML, like Gecko) Chrome/80.0.3987.149 Safari/537.36 -- Mon Mar 23 2020 19:57:58 GMT+0800 (中国标准时间)
GET -- /api/blog/list?isadmin=1 -- Mozilla/5.0 (Macintosh; Intel Mac OS X 10_15_3) AppleWebKit/537.36 (KHTML, like Gecko) Chrome/80.0.3987.149 Safari/537.36 -- Mon Mar 23 2020 19:57:58 GMT+0800 (中国标准时间)
POST -- /api/user/login -- Mozilla/5.0 (Macintosh; Intel Mac OS X 10_15_3) AppleWebKit/537.36 (KHTML, like Gecko) Chrome/80.0.3987.149 Safari/537.36 -- Mon Mar 23 2020 19:58:12 GMT+0800 (中国标准时间)
POST -- /api/user/login -- Mozilla/5.0 (Macintosh; Intel Mac OS X 10_15_3) AppleWebKit/537.36 (KHTML, like Gecko) Chrome/80.0.3987.149 Safari/537.36 -- Mon Mar 23 2020 19:58:42 GMT+0800 (中国标准时间)
POST -- /api/user/login -- Mozilla/5.0 (Macintosh; Intel Mac OS X 10_15_3) AppleWebKit/537.36 (KHTML, like Gecko) Chrome/80.0.3987.149 Safari/537.36 -- Mon Mar 23 2020 19:59:10 GMT+0800 (中国标准时间)
POST -- /api/user/login -- Mozilla/5.0 (Macintosh; Intel Mac OS X 10_15_3) AppleWebKit/537.36 (KHTML, like Gecko) Chrome/80.0.3987.149 Safari/537.36 -- Mon Mar 23 2020 20:05:30 GMT+0800 (中国标准时间)
POST -- /api/user/login -- Mozilla/5.0 (Macintosh; Intel Mac OS X 10_15_3) AppleWebKit/537.36 (KHTML, like Gecko) Chrome/80.0.3987.149 Safari/537.36 -- Mon Mar 23 2020 20:17:00 GMT+0800 (中国标准时间)
POST -- /api/user/login -- Mozilla/5.0 (Macintosh; Intel Mac OS X 10_15_3) AppleWebKit/537.36 (KHTML, like Gecko) Chrome/80.0.3987.149 Safari/537.36 -- Mon Mar 23 2020 20:17:04 GMT+0800 (中国标准时间)
POST -- /api/user/login -- Mozilla/5.0 (Macintosh; Intel Mac OS X 10_15_3) AppleWebKit/537.36 (KHTML, like Gecko) Chrome/80.0.3987.149 Safari/537.36 -- Mon Mar 23 2020 20:17:13 GMT+0800 (中国标准时间)
GET -- /api/blog/list?isadmin=1 -- Mozilla/5.0 (Macintosh; Intel Mac OS X 10_15_3) AppleWebKit/537.36 (KHTML, like Gecko) Chrome/80.0.3987.149 Safari/537.36 -- Mon Mar 23 2020 20:17:13 GMT+0800 (中国标准时间)
POST -- /api/blog/new -- Mozilla/5.0 (Macintosh; Intel Mac OS X 10_15_3) AppleWebKit/537.36 (KHTML, like Gecko) Chrome/80.0.3987.149 Safari/537.36 -- Mon Mar 23 2020 20:17:58 GMT+0800 (中国标准时间)
GET -- /api/blog/list?isadmin=1 -- Mozilla/5.0 (Macintosh; Intel Mac OS X 10_15_3) AppleWebKit/537.36 (KHTML, like Gecko) Chrome/80.0.3987.149 Safari/537.36 -- Mon Mar 23 2020 20:18:00 GMT+0800 (中国标准时间)
GET -- /api/blog/list?isadmin=1 -- Mozilla/5.0 (Macintosh; Intel Mac OS X 10_15_3) AppleWebKit/537.36 (KHTML, like Gecko) Chrome/80.0.3987.149 Safari/537.36 -- Mon Mar 23 2020 20:26:34 GMT+0800 (中国标准时间)
GET -- /api/blog/list?isadmin=1 -- Mozilla/5.0 (Macintosh; Intel Mac OS X 10_15_3) AppleWebKit/537.36 (KHTML, like Gecko) Chrome/80.0.3987.149 Safari/537.36 -- Mon Mar 23 2020 20:26:38 GMT+0800 (中国标准时间)
POST -- /api/user/login -- Mozilla/5.0 (Macintosh; Intel Mac OS X 10_15_3) AppleWebKit/537.36 (KHTML, like Gecko) Chrome/80.0.3987.149 Safari/537.36 -- Mon Mar 23 2020 20:26:50 GMT+0800 (中国标准时间)
GET -- /api/blog/list?isadmin=1 -- Mozilla/5.0 (Macintosh; Intel Mac OS X 10_15_3) AppleWebKit/537.36 (KHTML, like Gecko) Chrome/80.0.3987.149 Safari/537.36 -- Mon Mar 23 2020 20:26:50 GMT+0800 (中国标准时间)
POST -- /api/blog/new -- Mozilla/5.0 (Macintosh; Intel Mac OS X 10_15_3) AppleWebKit/537.36 (KHTML, like Gecko) Chrome/80.0.3987.149 Safari/537.36 -- Mon Mar 23 2020 20:27:15 GMT+0800 (中国标准时间)
GET -- /api/blog/list?isadmin=1 -- Mozilla/5.0 (Macintosh; Intel Mac OS X 10_15_3) AppleWebKit/537.36 (KHTML, like Gecko) Chrome/80.0.3987.149 Safari/537.36 -- Mon Mar 23 2020 20:27:16 GMT+0800 (中国标准时间)
GET -- /api/blog/detail?id=11 -- Mozilla/5.0 (Macintosh; Intel Mac OS X 10_15_3) AppleWebKit/537.36 (KHTML, like Gecko) Chrome/80.0.3987.149 Safari/537.36 -- Mon Mar 23 2020 20:29:03 GMT+0800 (中国标准时间)
GET -- /api/blog/list -- Mozilla/5.0 (Macintosh; Intel Mac OS X 10_15_3) AppleWebKit/537.36 (KHTML, like Gecko) Chrome/80.0.3987.149 Safari/537.36 -- Mon Mar 23 2020 20:29:22 GMT+0800 (中国标准时间)
GET -- /api/blog/list -- Mozilla/5.0 (Macintosh; Intel Mac OS X 10_15_3) AppleWebKit/537.36 (KHTML, like Gecko) Chrome/80.0.3987.149 Safari/537.36 -- Mon Mar 23 2020 20:29:28 GMT+0800 (中国标准时间)
GET -- /api/blog/list?author=zhangsan -- Mozilla/5.0 (Macintosh; Intel Mac OS X 10_15_3) AppleWebKit/537.36 (KHTML, like Gecko) Chrome/80.0.3987.149 Safari/537.36 -- Mon Mar 23 2020 20:29:34 GMT+0800 (中国标准时间)
GET -- /api/blog/list?author=zhangsan -- Mozilla/5.0 (Macintosh; Intel Mac OS X 10_15_3) AppleWebKit/537.36 (KHTML, like Gecko) Chrome/80.0.3987.149 Safari/537.36 -- Mon Mar 23 2020 20:29:40 GMT+0800 (中国标准时间)
GET -- /api/blog/detail?id=6 -- Mozilla/5.0 (Macintosh; Intel Mac OS X 10_15_3) AppleWebKit/537.36 (KHTML, like Gecko) Chrome/80.0.3987.149 Safari/537.36 -- Mon Mar 23 2020 20:33:21 GMT+0800 (中国标准时间)
GET -- /api/blog/detail?id=6 -- Mozilla/5.0 (Macintosh; Intel Mac OS X 10_15_3) AppleWebKit/537.36 (KHTML, like Gecko) Chrome/80.0.3987.149 Safari/537.36 -- Mon Mar 23 2020 20:33:26 GMT+0800 (中国标准时间)
GET -- /api/blog/detail?id=5 -- Mozilla/5.0 (Macintosh; Intel Mac OS X 10_15_3) AppleWebKit/537.36 (KHTML, like Gecko) Chrome/80.0.3987.149 Safari/537.36 -- Mon Mar 23 2020 20:33:30 GMT+0800 (中国标准时间)
GET -- /api/blog/list -- Mozilla/5.0 (Macintosh; Intel Mac OS X 10_15_3) AppleWebKit/537.36 (KHTML, like Gecko) Chrome/80.0.3987.149 Safari/537.36 -- Mon Mar 23 2020 20:51:50 GMT+0800 (中国标准时间)
GET -- /api/blog/list -- Mozilla/5.0 (Macintosh; Intel Mac OS X 10_15_3) AppleWebKit/537.36 (KHTML, like Gecko) Chrome/80.0.3987.149 Safari/537.36 -- Mon Mar 23 2020 20:52:15 GMT+0800 (中国标准时间)
POST -- /api/user/login -- Mozilla/5.0 (Macintosh; Intel Mac OS X 10_15_3) AppleWebKit/537.36 (KHTML, like Gecko) Chrome/80.0.3987.149 Safari/537.36 -- Mon Mar 23 2020 20:52:29 GMT+0800 (中国标准时间)
GET -- /api/blog/list?isadmin=1 -- Mozilla/5.0 (Macintosh; Intel Mac OS X 10_15_3) AppleWebKit/537.36 (KHTML, like Gecko) Chrome/80.0.3987.149 Safari/537.36 -- Mon Mar 23 2020 20:52:29 GMT+0800 (中国标准时间)
POST -- /api/blog/del?id=10 -- Mozilla/5.0 (Macintosh; Intel Mac OS X 10_15_3) AppleWebKit/537.36 (KHTML, like Gecko) Chrome/80.0.3987.149 Safari/537.36 -- Mon Mar 23 2020 20:52:36 GMT+0800 (中国标准时间)
GET -- /api/blog/list?isadmin=1 -- Mozilla/5.0 (Macintosh; Intel Mac OS X 10_15_3) AppleWebKit/537.36 (KHTML, like Gecko) Chrome/80.0.3987.149 Safari/537.36 -- Mon Mar 23 2020 20:52:36 GMT+0800 (中国标准时间)
POST -- /api/user/login -- Mozilla/5.0 (Macintosh; Intel Mac OS X 10_15_3) AppleWebKit/537.36 (KHTML, like Gecko) Chrome/80.0.3987.149 Safari/537.36 -- Mon Mar 23 2020 20:53:29 GMT+0800 (中国标准时间)
POST -- /api/user/login -- Mozilla/5.0 (Macintosh; Intel Mac OS X 10_15_3) AppleWebKit/537.36 (KHTML, like Gecko) Chrome/80.0.3987.149 Safari/537.36 -- Mon Mar 23 2020 20:53:39 GMT+0800 (中国标准时间)
GET -- /api/blog/list?isadmin=1 -- Mozilla/5.0 (Macintosh; Intel Mac OS X 10_15_3) AppleWebKit/537.36 (KHTML, like Gecko) Chrome/80.0.3987.149 Safari/537.36 -- Mon Mar 23 2020 20:53:39 GMT+0800 (中国标准时间)
